<?xml version="1.0" encoding="UTF-8"?>
<!-- Generated by org.testng.reporters.JUnitXMLReporter -->
<testsuite hostname="DESKTOP-C9JG643" ignored="0" name="用户管理系统测试用例" tests="7" failures="0" timestamp="02 十一月 2018 06:02:15 GMT" time="12.551" errors="0">
  <testcase name="loginTrue" time="0.982" classname="com.course.cases.LoginTest"/>
  <testcase name="loginFalse" time="0.369" classname="com.course.cases.LoginTest"/>
  <testcase name="getUserInfoTest" time="0.37" classname="com.course.cases.GetUserInfoTest"/>
  <testcase name="getUserInfoList" time="0.423" classname="com.course.cases.GetUserInfoListTest"/>
  <testcase name="addUser" time="3.427" classname="com.course.cases.AddUserTest"/>
  <testcase name="updateUserInfo" time="3.463" classname="com.course.cases.UpdateUserInfoTest"/>
  <testcase name="deleteUser" time="3.479" classname="com.course.cases.UpdateUserInfoTest"/>
</testsuite> <!-- 用户管理系统测试用例 -->
