<?xml version="1.0" encoding="UTF-8" ?>
<testsuite tests="7" failures="0" name="TestSuite" time="13.241" errors="0" skipped="0">
  <properties>
[...]
</properties>
  <testcase classname="com.course.cases.LoginTest" name="loginTrue" time="0.982"/>
  <testcase classname="com.course.cases.LoginTest" name="loginFalse" time="0.369"/>
  <testcase classname="com.course.cases.GetUserInfoTest" name="getUserInfoTest" time="0.369"/>
  <testcase classname="com.course.cases.GetUserInfoListTest" name="getUserInfoList" time="0.423"/>
  <testcase classname="com.course.cases.AddUserTest" name="addUser" time="3.427"/>
  <testcase classname="com.course.cases.UpdateUserInfoTest" name="updateUserInfo" time="3.464"/>
  <testcase classname="com.course.cases.UpdateUserInfoTest" name="deleteUser" time="3.479"/>
</testsuite>